  server.cpp
\\mac\home\onedrive - seneca college of applied arts & technology\seneca\data4\btn415\tcp ip sockets - multiple clients\multithreaded_server\server.cpp(16): warning C4101: 'socket_number2': unreferenced local variable
\\mac\home\onedrive - seneca college of applied arts & technology\seneca\data4\btn415\tcp ip sockets - multiple clients\multithreaded_server\server.cpp(24): error C4430: missing type specifier - int assumed. Note: C++ does not support default-int
\\mac\home\onedrive - seneca college of applied arts & technology\seneca\data4\btn415\tcp ip sockets - multiple clients\multithreaded_server\server.cpp(24): error C2065: 'server': undeclared identifier
\\mac\home\onedrive - seneca college of applied arts & technology\seneca\data4\btn415\tcp ip sockets - multiple clients\multithreaded_server\server.cpp(24): error C2228: left of '.accept_connection' must have class/struct/union
  \\mac\home\onedrive - seneca college of applied arts & technology\seneca\data4\btn415\tcp ip sockets - multiple clients\multithreaded_server\server.cpp(24): note: type is 'unknown-type'
\\mac\home\onedrive - seneca college of applied arts & technology\seneca\data4\btn415\tcp ip sockets - multiple clients\multithreaded_server\server.cpp(25): error C2059: syntax error: 'if'
\\mac\home\onedrive - seneca college of applied arts & technology\seneca\data4\btn415\tcp ip sockets - multiple clients\multithreaded_server\server.cpp(25): error C2143: syntax error: missing ';' before '{'
\\mac\home\onedrive - seneca college of applied arts & technology\seneca\data4\btn415\tcp ip sockets - multiple clients\multithreaded_server\server.cpp(25): error C2447: '{': missing function header (old-style formal list?)
\\mac\home\onedrive - seneca college of applied arts & technology\seneca\data4\btn415\tcp ip sockets - multiple clients\multithreaded_server\server.cpp(30): error C4430: missing type specifier - int assumed. Note: C++ does not support default-int
\\mac\home\onedrive - seneca college of applied arts & technology\seneca\data4\btn415\tcp ip sockets - multiple clients\multithreaded_server\server.cpp(30): error C2371: 't1': redefinition; different basic types
  \\mac\home\onedrive - seneca college of applied arts & technology\seneca\data4\btn415\tcp ip sockets - multiple clients\multithreaded_server\server.cpp(29): note: see declaration of 't1'
\\mac\home\onedrive - seneca college of applied arts & technology\seneca\data4\btn415\tcp ip sockets - multiple clients\multithreaded_server\server.cpp(30): error C2065: 'server': undeclared identifier
\\mac\home\onedrive - seneca college of applied arts & technology\seneca\data4\btn415\tcp ip sockets - multiple clients\multithreaded_server\server.cpp(30): error C2065: 'socket_number': undeclared identifier
\\mac\home\onedrive - seneca college of applied arts & technology\seneca\data4\btn415\tcp ip sockets - multiple clients\multithreaded_server\server.cpp(31): error C4430: missing type specifier - int assumed. Note: C++ does not support default-int
\\mac\home\onedrive - seneca college of applied arts & technology\seneca\data4\btn415\tcp ip sockets - multiple clients\multithreaded_server\server.cpp(31): error C2371: 't2': redefinition; different basic types
  \\mac\home\onedrive - seneca college of applied arts & technology\seneca\data4\btn415\tcp ip sockets - multiple clients\multithreaded_server\server.cpp(29): note: see declaration of 't2'
\\mac\home\onedrive - seneca college of applied arts & technology\seneca\data4\btn415\tcp ip sockets - multiple clients\multithreaded_server\server.cpp(31): error C2065: 'server': undeclared identifier
\\mac\home\onedrive - seneca college of applied arts & technology\seneca\data4\btn415\tcp ip sockets - multiple clients\multithreaded_server\server.cpp(33): error C3927: '->': trailing return type is not allowed after a non-function declarator
\\mac\home\onedrive - seneca college of applied arts & technology\seneca\data4\btn415\tcp ip sockets - multiple clients\multithreaded_server\server.cpp(33): error C3484: syntax error: expected '->' before the return type
\\mac\home\onedrive - seneca college of applied arts & technology\seneca\data4\btn415\tcp ip sockets - multiple clients\multithreaded_server\server.cpp(33): error C3613: missing return type after '->' ('int' assumed)
\\mac\home\onedrive - seneca college of applied arts & technology\seneca\data4\btn415\tcp ip sockets - multiple clients\multithreaded_server\server.cpp(33): error C4430: missing type specifier - int assumed. Note: C++ does not support default-int
\\mac\home\onedrive - seneca college of applied arts & technology\seneca\data4\btn415\tcp ip sockets - multiple clients\multithreaded_server\server.cpp(33): error C2371: 't1': redefinition; different basic types
  \\mac\home\onedrive - seneca college of applied arts & technology\seneca\data4\btn415\tcp ip sockets - multiple clients\multithreaded_server\server.cpp(29): note: see declaration of 't1'
\\mac\home\onedrive - seneca college of applied arts & technology\seneca\data4\btn415\tcp ip sockets - multiple clients\multithreaded_server\server.cpp(33): error C2146: syntax error: missing ';' before identifier 'join'
\\mac\home\onedrive - seneca college of applied arts & technology\seneca\data4\btn415\tcp ip sockets - multiple clients\multithreaded_server\server.cpp(34): error C3927: '->': trailing return type is not allowed after a non-function declarator
\\mac\home\onedrive - seneca college of applied arts & technology\seneca\data4\btn415\tcp ip sockets - multiple clients\multithreaded_server\server.cpp(34): error C3484: syntax error: expected '->' before the return type
\\mac\home\onedrive - seneca college of applied arts & technology\seneca\data4\btn415\tcp ip sockets - multiple clients\multithreaded_server\server.cpp(34): error C3613: missing return type after '->' ('int' assumed)
\\mac\home\onedrive - seneca college of applied arts & technology\seneca\data4\btn415\tcp ip sockets - multiple clients\multithreaded_server\server.cpp(34): error C4430: missing type specifier - int assumed. Note: C++ does not support default-int
\\mac\home\onedrive - seneca college of applied arts & technology\seneca\data4\btn415\tcp ip sockets - multiple clients\multithreaded_server\server.cpp(34): error C2371: 't2': redefinition; different basic types
  \\mac\home\onedrive - seneca college of applied arts & technology\seneca\data4\btn415\tcp ip sockets - multiple clients\multithreaded_server\server.cpp(29): note: see declaration of 't2'
\\mac\home\onedrive - seneca college of applied arts & technology\seneca\data4\btn415\tcp ip sockets - multiple clients\multithreaded_server\server.cpp(34): error C2146: syntax error: missing ';' before identifier 'join'
\\mac\home\onedrive - seneca college of applied arts & technology\seneca\data4\btn415\tcp ip sockets - multiple clients\multithreaded_server\server.cpp(36): error C4430: missing type specifier - int assumed. Note: C++ does not support default-int
\\mac\home\onedrive - seneca college of applied arts & technology\seneca\data4\btn415\tcp ip sockets - multiple clients\multithreaded_server\server.cpp(36): error C2373: 'WSACleanup': redefinition; different type modifiers
  c:\program files (x86)\windows kits\10\include\10.0.16299.0\um\winsock.h(876): note: see declaration of 'WSACleanup'
\\mac\home\onedrive - seneca college of applied arts & technology\seneca\data4\btn415\tcp ip sockets - multiple clients\multithreaded_server\server.cpp(37): error C4430: missing type specifier - int assumed. Note: C++ does not support default-int
\\mac\home\onedrive - seneca college of applied arts & technology\seneca\data4\btn415\tcp ip sockets - multiple clients\multithreaded_server\server.cpp(37): error C2365: 'exit': redefinition; previous definition was 'function'
  c:\program files (x86)\windows kits\10\include\10.0.16299.0\ucrt\stdlib.h(51): note: see declaration of 'exit'
\\mac\home\onedrive - seneca college of applied arts & technology\seneca\data4\btn415\tcp ip sockets - multiple clients\multithreaded_server\server.cpp(38): error C2059: syntax error: '}'
\\mac\home\onedrive - seneca college of applied arts & technology\seneca\data4\btn415\tcp ip sockets - multiple clients\multithreaded_server\server.cpp(38): error C2143: syntax error: missing ';' before '}'
  oop_winsock.cpp
\\mac\home\onedrive - seneca college of applied arts & technology\seneca\data4\btn415\tcp ip sockets - multiple clients\multithreaded_server\oop_winsock.cpp(156): error C2511: 'void winsock_server::send_mode(int)': overloaded member function not found in 'winsock_server'
  \\mac\home\onedrive - seneca college of applied arts & technology\seneca\data4\btn415\tcp ip sockets - multiple clients\multithreaded_server\oop_winsock.h(36): note: see declaration of 'winsock_server'
\\mac\home\onedrive - seneca college of applied arts & technology\seneca\data4\btn415\tcp ip sockets - multiple clients\multithreaded_server\oop_winsock.cpp(160): error C2671: 'winsock_server::send_mode': static member functions do not have 'this' pointers
\\mac\home\onedrive - seneca college of applied arts & technology\seneca\data4\btn415\tcp ip sockets - multiple clients\multithreaded_server\oop_winsock.cpp(160): error C2227: left of '->connection_socket' must point to class/struct/union/generic type
\\mac\home\onedrive - seneca college of applied arts & technology\seneca\data4\btn415\tcp ip sockets - multiple clients\multithreaded_server\oop_winsock.cpp(161): error C2671: 'winsock_server::send_mode': static member functions do not have 'this' pointers
\\mac\home\onedrive - seneca college of applied arts & technology\seneca\data4\btn415\tcp ip sockets - multiple clients\multithreaded_server\oop_winsock.cpp(161): error C2227: left of '->active_sockets' must point to class/struct/union/generic type
\\mac\home\onedrive - seneca college of applied arts & technology\seneca\data4\btn415\tcp ip sockets - multiple clients\multithreaded_server\oop_winsock.cpp(164): error C2671: 'winsock_server::send_mode': static member functions do not have 'this' pointers
\\mac\home\onedrive - seneca college of applied arts & technology\seneca\data4\btn415\tcp ip sockets - multiple clients\multithreaded_server\oop_winsock.cpp(164): error C2227: left of '->send_message' must point to class/struct/union/generic type
\\mac\home\onedrive - seneca college of applied arts & technology\seneca\data4\btn415\tcp ip sockets - multiple clients\multithreaded_server\oop_winsock.cpp(166): error C3863: array type 'char [128]' is not assignable
\\mac\home\onedrive - seneca college of applied arts & technology\seneca\data4\btn415\tcp ip sockets - multiple clients\multithreaded_server\oop_winsock.cpp(171): error C2601: 'winsock_server::rec_mode': local function definitions are illegal
  \\mac\home\onedrive - seneca college of applied arts & technology\seneca\data4\btn415\tcp ip sockets - multiple clients\multithreaded_server\oop_winsock.cpp(156): note: this line contains a '{' which has not yet been matched
\\mac\home\onedrive - seneca college of applied arts & technology\seneca\data4\btn415\tcp ip sockets - multiple clients\multithreaded_server\oop_winsock.cpp(232): error C2144: syntax error: 'int' should be preceded by ')'
\\mac\home\onedrive - seneca college of applied arts & technology\seneca\data4\btn415\tcp ip sockets - multiple clients\multithreaded_server\oop_winsock.cpp(232): error C2512: 'winsock_client::winsock_client': no appropriate default constructor available
\\mac\home\onedrive - seneca college of applied arts & technology\seneca\data4\btn415\tcp ip sockets - multiple clients\multithreaded_server\oop_winsock.cpp(232): error C2144: syntax error: 'int' should be preceded by ';'
\\mac\home\onedrive - seneca college of applied arts & technology\seneca\data4\btn415\tcp ip sockets - multiple clients\multithreaded_server\oop_winsock.cpp(232): error C2226: syntax error: unexpected type 'std::string'
\\mac\home\onedrive - seneca college of applied arts & technology\seneca\data4\btn415\tcp ip sockets - multiple clients\multithreaded_server\oop_winsock.cpp(232): error C2146: syntax error: missing ';' before identifier 'ip'
\\mac\home\onedrive - seneca college of applied arts & technology\seneca\data4\btn415\tcp ip sockets - multiple clients\multithreaded_server\oop_winsock.cpp(232): error C2065: 'ip': undeclared identifier
\\mac\home\onedrive - seneca college of applied arts & technology\seneca\data4\btn415\tcp ip sockets - multiple clients\multithreaded_server\oop_winsock.cpp(232): error C2065: 'theStream': undeclared identifier
\\mac\home\onedrive - seneca college of applied arts & technology\seneca\data4\btn415\tcp ip sockets - multiple clients\multithreaded_server\oop_winsock.cpp(232): error C2059: syntax error: ')'
\\mac\home\onedrive - seneca college of applied arts & technology\seneca\data4\btn415\tcp ip sockets - multiple clients\multithreaded_server\oop_winsock.cpp(233): error C2355: 'this': can only be referenced inside non-static member functions or non-static data member initializers
\\mac\home\onedrive - seneca college of applied arts & technology\seneca\data4\btn415\tcp ip sockets - multiple clients\multithreaded_server\oop_winsock.cpp(233): error C2227: left of '->ofs' must point to class/struct/union/generic type
\\mac\home\onedrive - seneca college of applied arts & technology\seneca\data4\btn415\tcp ip sockets - multiple clients\multithreaded_server\oop_winsock.cpp(233): error C2065: 'theStream': undeclared identifier
\\mac\home\onedrive - seneca college of applied arts & technology\seneca\data4\btn415\tcp ip sockets - multiple clients\multithreaded_server\oop_winsock.cpp(233): error C2059: syntax error: ';'
\\mac\home\onedrive - seneca college of applied arts & technology\seneca\data4\btn415\tcp ip sockets - multiple clients\multithreaded_server\oop_winsock.cpp(234): error C2355: 'this': can only be referenced inside non-static member functions or non-static data member initializers
\\mac\home\onedrive - seneca college of applied arts & technology\seneca\data4\btn415\tcp ip sockets - multiple clients\multithreaded_server\oop_winsock.cpp(234): error C2227: left of '->port' must point to class/struct/union/generic type
\\mac\home\onedrive - seneca college of applied arts & technology\seneca\data4\btn415\tcp ip sockets - multiple clients\multithreaded_server\oop_winsock.cpp(235): error C2355: 'this': can only be referenced inside non-static member functions or non-static data member initializers
\\mac\home\onedrive - seneca college of applied arts & technology\seneca\data4\btn415\tcp ip sockets - multiple clients\multithreaded_server\oop_winsock.cpp(235): error C2227: left of '->ip' must point to class/struct/union/generic type
\\mac\home\onedrive - seneca college of applied arts & technology\seneca\data4\btn415\tcp ip sockets - multiple clients\multithreaded_server\oop_winsock.cpp(235): error C2065: 'ip': undeclared identifier
\\mac\home\onedrive - seneca college of applied arts & technology\seneca\data4\btn415\tcp ip sockets - multiple clients\multithreaded_server\oop_winsock.cpp(236): error C2355: 'this': can only be referenced inside non-static member functions or non-static data member initializers
\\mac\home\onedrive - seneca college of applied arts & technology\seneca\data4\btn415\tcp ip sockets - multiple clients\multithreaded_server\oop_winsock.cpp(236): error C2227: left of '->client_socket' must point to class/struct/union/generic type
\\mac\home\onedrive - seneca college of applied arts & technology\seneca\data4\btn415\tcp ip sockets - multiple clients\multithreaded_server\oop_winsock.cpp(236): error C2227: left of '->initialize_tcp_socket' must point to class/struct/union/generic type
\\mac\home\onedrive - seneca college of applied arts & technology\seneca\data4\btn415\tcp ip sockets - multiple clients\multithreaded_server\oop_winsock.cpp(245): error C4430: missing type specifier - int assumed. Note: C++ does not support default-int
\\mac\home\onedrive - seneca college of applied arts & technology\seneca\data4\btn415\tcp ip sockets - multiple clients\multithreaded_server\oop_winsock.cpp(245): error C2556: 'int winsock_client::get_messages(void)': overloaded function differs only by return type from 'void winsock_client::get_messages(void)'
  \\mac\home\onedrive - seneca college of applied arts & technology\seneca\data4\btn415\tcp ip sockets - multiple clients\multithreaded_server\oop_winsock.h(82): note: see declaration of 'winsock_client::get_messages'
\\mac\home\onedrive - seneca college of applied arts & technology\seneca\data4\btn415\tcp ip sockets - multiple clients\multithreaded_server\oop_winsock.cpp(245): error C2371: 'winsock_client::get_messages': redefinition; different basic types
  \\mac\home\onedrive - seneca college of applied arts & technology\seneca\data4\btn415\tcp ip sockets - multiple clients\multithreaded_server\oop_winsock.h(82): note: see declaration of 'winsock_client::get_messages'
  Generating Code...
